Log file open, 03/06/15 09:47:18
LogInit:Display: Running engine for game: MyProject3
LogInit: Version: 4.7.2-2467323+++depot+UE4-Releases+4.7
LogInit: API Version: 2455222
LogInit: Compiled (64-bit): Mar  2 2015 23:16:34
LogInit: Compiled with Visual C++: 18.00.21005.01
LogInit: Build Configuration: Development
LogInit: Branch Name: ++depot+UE4-Releases+4.7
LogInit: Command line:  
LogInit: Base directory: C:/Program Files/Epic Games/4.7/Engine/Binaries/Win64/
LogInit: Rocket: 1
[2015.03.06-00.47.18:150][  0]LogTaskGraph: Started task graph with 3 named threads and 4 total threads.
[2015.03.06-00.47.18:204][  0]LogOnline:Warning: No default platform service specified for OnlineSubsystem
[2015.03.06-00.47.18:214][  0]LogInit: Presizing for 0 objects not considered by GC, pre-allocating 0 bytes.
[2015.03.06-00.47.18:222][  0]LogInit: Object subsystem initialized
[2015.03.06-00.47.18:224][  0]LogConsoleResponse:Warning: Skipping Unknown console variable: 'TranslucentSortAxis = (X=0.000000,Y=-1.000000,Z=0.000000)'
[2015.03.06-00.47.18:224][  0]LogConsoleResponse:Warning:   Found in ini file 'C:/Users/Penner/Documents/Unreal Projects/MyProject3/Saved/Config/Windows/Engine.ini', in section '[/Script/Engine.RendererSettings]'
[2015.03.06-00.47.18:224][  0]LogConsoleResponse:Warning: Skipping Unknown console variable: 'UIScaleRule = ShortestSide'
[2015.03.06-00.47.18:224][  0]LogConsoleResponse:Warning:   Found in ini file 'C:/Users/Penner/Documents/Unreal Projects/MyProject3/Saved/Config/Windows/Engine.ini', in section '[/Script/Engine.RendererSettings]'
[2015.03.06-00.47.18:224][  0]LogConsoleResponse:Warning: Skipping Unknown console variable: 'UIScaleCurve = (EditorCurveData=(Keys=),ExternalCurve=None)'
[2015.03.06-00.47.18:224][  0]LogConsoleResponse:Warning:   Found in ini file 'C:/Users/Penner/Documents/Unreal Projects/MyProject3/Saved/Config/Windows/Engine.ini', in section '[/Script/Engine.RendererSettings]'
[2015.03.06-00.47.18:224][  0]LogInit: Selected Device Profile: [Windows]
[2015.03.06-00.47.18:224][  0]LogInit: Applying CVar settings loaded from the selected device profile: [Windows]
[2015.03.06-00.47.18:229][  0]LogInit: Computer: BROCKTAB
[2015.03.06-00.47.18:229][  0]LogInit: User: Penner
[2015.03.06-00.47.18:229][  0]LogInit: CPU Page size=4096, Cores=2
[2015.03.06-00.47.18:229][  0]LogInit: High frequency timer resolution =2.240903 MHz
[2015.03.06-00.47.18:229][  0]LogMemory: Memory total: Physical=7.9GB (8GB approx) Virtual=131072.0GB
[2015.03.06-00.47.18:230][  0]LogMemory: Platform Memory Stats for Windows
[2015.03.06-00.47.18:230][  0]LogMemory: Process Physical Memory: 45.84 MB used, 45.84 MB peak
[2015.03.06-00.47.18:230][  0]LogMemory: Process Virtual Memory: 22.28 MB used, 22.29 MB peak
[2015.03.06-00.47.18:230][  0]LogMemory: Physical Memory: 2628.70 MB used, 8097.07 MB total
[2015.03.06-00.47.18:230][  0]LogMemory: Virtual Memory: 292.94 MB used, 134217728.00 MB total
[2015.03.06-00.47.18:240][  0]LogD3D11RHI: Found D3D11 adapter 0: Intel(R) HD Graphics 5000 (Feature Level 11_0)
[2015.03.06-00.47.18:241][  0]LogD3D11RHI: Adapter has 0MB of dedicated video memory, 0MB of dedicated system memory, and 1792MB of shared system memory, 1 output[s]
[2015.03.06-00.47.18:241][  0]LogD3D11RHI: Found D3D11 adapter 1: Microsoft Basic Render Driver (Feature Level 11_0)
[2015.03.06-00.47.18:241][  0]LogD3D11RHI: Adapter has 0MB of dedicated video memory, 0MB of dedicated system memory, and 256MB of shared system memory, 0 output[s]
[2015.03.06-00.47.18:241][  0]LogD3D11RHI: Chosen D3D11 Adapter Id = 0
[2015.03.06-00.47.18:244][  0]LogRHI: Texture pool is 627 MB (70% of 896 MB)
[2015.03.06-00.47.18:249][  0]LogD3D11RHI: Async texture creation enabled
[2015.03.06-00.47.18:293][  0]LogTextLocalizationManager: The requested culture ('en_US') has no localization data; parent culture's ('en') localization data will be used.
[2015.03.06-00.47.18:418][  0]LogContentStreaming: Texture pool size is 0.000000MB
[2015.03.06-00.47.20:586][  0]LogTargetPlatformManager:Display: Building Assets For Windows
[2015.03.06-00.47.21:099][  0]LogTargetPlatformManager:Display: Building Assets For Windows
[2015.03.06-00.47.21:154][  0]LogDerivedDataCache:Display: Max Cache Size: 512 MB
[2015.03.06-00.47.21:196][  0]LogDerivedDataCache: Loaded boot cache 0.04s 39MB C:/Users/Penner/AppData/Local/UnrealEngine/4.7/DerivedDataCache/Boot.ddc.
[2015.03.06-00.47.21:196][  0]LogDerivedDataCache:Display: Loaded Boot cache: C:/Users/Penner/AppData/Local/UnrealEngine/4.7/DerivedDataCache/Boot.ddc
[2015.03.06-00.47.21:196][  0]LogDerivedDataCache: FDerivedDataBackendGraph:  Pak pak cache file ../../../../../../Users/Penner/Documents/Unreal Projects/MyProject3/DerivedDataCache/DDC.ddp not found, will not use a pak cache.
[2015.03.06-00.47.21:196][  0]LogDerivedDataCache: Unable to find inner node Pak for hierarchical cache Hierarchy.
[2015.03.06-00.47.21:311][  0]LogDerivedDataCache:Display: Pak cache opened for reading ../../../Engine/DerivedDataCache/Compressed.ddp.
[2015.03.06-00.47.21:323][  0]LogDerivedDataCache: Using Local data cache path C:/Users/Penner/AppData/Local/UnrealEngine/Common/DerivedDataCache: Writable
[2015.03.06-00.47.21:589][  0]LogMeshUtilities: No automatic mesh reduction module available
[2015.03.06-00.47.21:589][  0]LogMeshUtilities: No automatic mesh merging module available
[2015.03.06-00.47.21:912][  0]LogInit: WinSock: version 1.1 (2.2), MaxSocks=32767, MaxUdp=65467
[2015.03.06-00.47.21:981][  0]LogSlate:Warning: Failed to load font data from '../../../Engine/Content/Slate/Fonts/Roboto-Italic.ttf'
[2015.03.06-00.47.22:646][  0]UdpMessaging: Initializing bridge on interface 0.0.0.0:0 to multicast group 230.0.0.1:6666.
[2015.03.06-00.47.22:842][  0]SourceControl: Info Source control is disabled
[2015.03.06-00.47.22:842][  0]SourceControl: Info Source control is disabled
[2015.03.06-00.47.22:842][  0]SourceControl: Info Source control is disabled
[2015.03.06-00.47.22:842][  0]LogSourceControl: RunCommandInternalRaw: 'git version'
[2015.03.06-00.47.22:842][  0]LogSourceControl: RunCommandInternalRaw: ExecProcess ReturnCode=2 OutResults=''
[2015.03.06-00.47.22:850][  0]SourceControl: Info Source control is disabled
[2015.03.06-00.47.23:009][  0]LogObj: 24231 objects as part of root set at end of initial load.
[2015.03.06-00.47.23:009][  0]LogUObjectAllocator: 5136440 out of 0 bytes used by permanent object pool.
[2015.03.06-00.47.23:082][  0]LogEngine: Initializing Engine...
[2015.03.06-00.47.25:243][  0]LogInit: XAudio2 using 'スピーカー (Realtek High Definition Audio)' : 2 channels at 48 kHz using 32 bits per sample (channel mask 0x3)
[2015.03.06-00.47.25:334][  0]LogInit: FAudioDevice initialized.
[2015.03.06-00.47.25:389][  0]LogAIModule: Creating AISystem for world NewWorld
[2015.03.06-00.47.25:410][  0]LogDerivedDataCache: Saved boot cache 0.02s 39MB C:/Users/Penner/AppData/Local/UnrealEngine/4.7/DerivedDataCache/Boot.ddc.
[2015.03.06-00.47.25:412][  0]LogInit: Texture streaming: Enabled
[2015.03.06-00.47.25:489][  0]LogAnalytics: Creating configured Analytics provider AnalyticsET
[2015.03.06-00.47.25:489][  0]LogAnalytics: ET APIKey = Rocket.Release. APIServer = http://et2.epicgames.com/ET2/. AppVersion = 4.7.2-2467323+++depot+UE4-Releases+4.7
[2015.03.06-00.47.25:489][  0]LogAnalytics: ET APIKey = Rocket.Release. DataRouterUploadURL = https://datarouter-public-service-gamedev.ol.epicgames.net/datarouter/api/v1/public/data. AppVersion = 4.7.2-2467323+++depot+UE4-Releases+4.7
[2015.03.06-00.47.25:489][  0]LogAnalytics: SetUserId 113ec87c4bad487c1a12ceb8606ed1df|0674dcb1897447579c28ab054defc83b|a3b4c019-7f12-41b0-8774-10828f5ed6ad
[2015.03.06-00.47.25:489][  0]LogAnalytics: AnalyticsET::StartSession [Rocket.Release]
[2015.03.06-00.47.25:507][  0]LogInit: Transaction tracking system initialized
[2015.03.06-00.47.25:671][  0]BlueprintLog: New page: Editor Load
[2015.03.06-00.47.25:703][  0]LogAssetRegistry: FAssetRegistry took 0.0112 seconds to start up
[2015.03.06-00.47.25:703][  0]LogDirectoryWatcher:Warning: Failed to begin reading directory changes for ../../../Engine/Plugins/Experimental/CharacterAI/Content/. Error: 0
[2015.03.06-00.47.26:310][  0]LogTargetPlatformManager:Display: Building Assets For Windows
[2015.03.06-00.47.26:701][  0]LogTargetPlatformManager:Display: Building Assets For Windows
[2015.03.06-00.47.26:978][  0]LogSlate:Warning: Failed to load font data from '../../../Engine/Content/Editor/Slate/Fonts/Roboto-Regular.ttf'
[2015.03.06-00.47.26:978][  0]LogSlate:Warning: Failed to load font data from '../../../Engine/Content/Editor/Slate/Fonts/Roboto-Bold.ttf'
[2015.03.06-00.47.27:023][  0]LogConsoleResponse:Display: 
[2015.03.06-00.47.27:147][  0]LogCook:Display: Done creating registry. It took  0.00s.
[2015.03.06-00.47.27:274][  0]SourceControl: Info Source control is disabled
[2015.03.06-00.47.27:275][  0]Cmd: MAP LOAD FILE="../../../../../../Users/Penner/Documents/Unreal Projects/MyProject3/Content/StarterContent/Maps/Minimal_Default.umap" TEMPLATE=0 SHOWPROGRESS=1 FEATURELEVEL=3
[2015.03.06-00.47.27:275][  0]LightingResults: New page: Lighting Build
[2015.03.06-00.47.27:287][  0]MapCheck: New page: Map Check
[2015.03.06-00.47.27:287][  0]LightingResults: New page: Lighting Build
[2015.03.06-00.47.27:302][  0]LogParticles: Destroying 0 GPU particle simulations for FXSystem 0x0000004108F78E00
[2015.03.06-00.47.27:944][  0]LogEditorServer: Finished looking for orphan Actors (0.000 secs)
[2015.03.06-00.47.27:945][  0]LogAIModule: Creating AISystem for world Minimal_Default
[2015.03.06-00.47.27:946][  0]Cmd: MAP CHECKDEP
[2015.03.06-00.47.27:946][  0]MapCheck: New page: Minimal_Default - Mar 6, 2015, 6:47:27 PM
[2015.03.06-00.47.28:023][  0]MapCheck: Info Map check complete: 0 Error(s), 0 Warning(s), took 77.475ms to complete.
[2015.03.06-00.47.28:023][  0]LogFileHelpers: Loading map 'Minimal_Default' took 0.748
[2015.03.06-00.47.28:163][  0]LogCollectionManager: Loaded 0 collections in 0.001637 seconds
[2015.03.06-00.47.28:172][  0]LogContentBrowser: Native class hierarchy populated in 0.0085 seconds. Added 1696 classes and 261 folders.
[2015.03.06-00.47.28:201][  0]LogContentBrowser: Native class hierarchy updated for 'SceneOutliner' in 0.0017 seconds. Added 1 classes and 2 folders.
[2015.03.06-00.47.28:247][  0]LogCrashTracker: Crashtracker disabled due to settings.
[2015.03.06-00.47.28:249][  0]LogSlate:Warning: Failed to load font data from 'Veranda'
[2015.03.06-00.47.28:252][  0]LogUObjectGlobals:Warning: Failed to find object 'Class None.'
[2015.03.06-00.47.28:277][  0]LogLoad: Full Startup: 11.89 seconds (BP compile: 0.08 seconds)
[2015.03.06-00.47.28:684][  0]LogContentBrowser:Verbose: The content browser source was changed by the sources view to '/Game/StarterContent/Architecture'
[2015.03.06-00.47.28:807][  0]LogRenderer:Warning: Reallocating scene render targets to support 32x32 (Frame:2).
[2015.03.06-00.47.29:065][  0]LogRenderer:Warning: Reallocating scene render targets to support 528x344 (Frame:6).
[2015.03.06-00.47.32:218][ 10]LogAssetRegistry: Asset discovery search completed in 6.5264 seconds
[2015.03.06-00.47.44:212][738]Cmd: MAP LOAD FILE="../../../../../../Users/Penner/Documents/Unreal Projects/MyProject3/Content/NewMap.umap" TEMPLATE=0 SHOWPROGRESS=1 FEATURELEVEL=3
[2015.03.06-00.47.44:262][738]LightingResults: New page: Lighting Build
[2015.03.06-00.47.44:301][738]LoadErrors: New page: Loading map: NewMap.umap
[2015.03.06-00.47.44:302][738]MapCheck: New page: Map Check
[2015.03.06-00.47.44:302][738]LightingResults: New page: Lighting Build
[2015.03.06-00.47.44:317][738]LogParticles: Destroying 0 GPU particle simulations for FXSystem 0x0000004111C16C00
[2015.03.06-00.47.44:363][738]LogEditorServer: Finished looking for orphan Actors (0.000 secs)
[2015.03.06-00.47.44:363][738]LogAIModule: Creating AISystem for world NewMap
[2015.03.06-00.47.44:395][738]Cmd: MAP CHECKDEP
[2015.03.06-00.47.44:396][738]MapCheck: New page: NewMap - Mar 6, 2015, 6:47:44 PM
[2015.03.06-00.47.44:481][738]MapCheck: Info Map check complete: 0 Error(s), 0 Warning(s), took 85.599ms to complete.
[2015.03.06-00.47.44:481][738]LogFileHelpers: Loading map 'NewMap' took 0.272
[2015.03.06-00.49.57:201][ 26]LogContentBrowser:Verbose: The content browser source was changed by the sources view to '/Game/StarterContent/Props'
[2015.03.06-00.50.07:141][605]LogEditorViewport: Clicking on Actor (LMB): StaticMeshActor (Wall_400x400)
[2015.03.06-00.50.16:233][129]LogTexture:Display: Building textures: T_Lamp_M (AutoDXT)
[2015.03.06-00.50.19:201][129]LogTexture:Display: Building textures: T_Lamp_N (BC5)
[2015.03.06-00.50.19:859][129]LogMaterial: Missing cached shader map for material M_Lamp, compiling. 
[2015.03.06-00.50.19:898][129]LogStaticMesh: Building static mesh SM_Lamp_Ceiling...
[2015.03.06-00.50.20:014][129]LogStaticMesh: Built static mesh [116.393257ms] /Game/StarterContent/Props/SM_Lamp_Ceiling.SM_Lamp_Ceiling
[2015.03.06-00.50.20:036][129]LogWindows:Error: Windows GetLastError: The operation completed successfully. (0)
[2015.03.06-00.50.20:040][129]LogCrashTracker: 


[2015.03.06-00.50.39:257][129]LogCrashTracker: 


[2015.03.06-00.50.39:257][129]LogWindows: === Critical error: ===
Assertion failed: (Index >= 0) & (Index < ArrayNum) [File:D:\BuildFarm\buildmachine_++depot+UE4-Releases+4.7\Engine\Source\Runtime\Core\Public\Containers\Array.h] [Line: 679] 
Array index out of bounds: 2 from an array of size 2


KERNELBASE.dll!UnknownFunction (0x00007ffcb91d8b9c) + 0 bytes [UnknownFile:0]
UE4Editor-Core.dll!FOutputDeviceWindowsError::Serialize() (0x00007ffc9d348014) + 0 bytes [d:\buildfarm\buildmachine_++depot+ue4-releases+4.7\engine\source\runtime\core\private\windows\windowsplatformoutputdevices.cpp:95]
UE4Editor-Core.dll!FOutputDevice::Logf__VA() (0x00007ffc9d1c7818) + 159 bytes [d:\buildfarm\buildmachine_++depot+ue4-releases+4.7\engine\source\runtime\core\private\misc\outputdevice.cpp:144]
UE4Editor-Core.dll!FDebug::AssertFailed() (0x00007ffc9d1a8b17) + 62 bytes [d:\buildfarm\buildmachine_++depot+ue4-releases+4.7\engine\source\runtime\core\private\misc\outputdevice.cpp:224]
UE4Editor-Slate.dll!FSlateApplication::DrawPrepass() (0x00007ffca68c17e0) + 111 bytes [d:\buildfarm\buildmachine_++depot+ue4-releases+4.7\engine\source\runtime\slate\private\framework\application\slateapplication.cpp:1029]
UE4Editor-Slate.dll!FSlateApplication::PrivateDrawWindows() (0x00007ffca69027db) + 0 bytes [d:\buildfarm\buildmachine_++depot+ue4-releases+4.7\engine\source\runtime\slate\private\framework\application\slateapplication.cpp:1068]
UE4Editor-Slate.dll!FSlateApplication::Tick() (0x00007ffca69203ff) + 12 bytes [d:\buildfarm\buildmachine_++depot+ue4-releases+4.7\engine\source\runtime\slate\private\framework\application\slateapplication.cpp:1323]
UE4Editor.exe!FEngineLoop::Tick() (0x00007ff7b354036f) + 0 bytes [d:\buildfarm\buildmachine_++depot+ue4-releases+4.7\engine\source\runtime\launch\private\launchengineloop.cpp:2284]
UE4Editor.exe!GuardedMain() (0x00007ff7b353267c) + 0 bytes [d:\buildfarm\buildmachine_++depot+ue4-releases+4.7\engine\source\runtime\launch\private\launch.cpp:142]
UE4Editor.exe!GuardedMainWrapper() (0x00007ff7b35326ea) + 5 bytes [d:\buildfarm\buildmachine_++depot+ue4-releases+4.7\engine\source\runtime\launch\private\windows\launchwindows.cpp:126]
UE4Editor.exe!WinMain() (0x00007ff7b3542219) + 17 bytes [d:\buildfarm\buildmachine_++depot+ue4-releases+4.7\engine\source\runtime\launch\private\windows\launchwindows.cpp:202]
UE4Editor.exe!__tmainCRTStartup() (0x00007ff7b3543159) + 21 bytes [f:\dd\vctools\crt\crtw32\dllstuff\crtexe.c:618]
KERNEL32.DLL!UnknownFunction (0x00007ffcba4113d2) + 0 bytes [UnknownFile:0]
ntdll.dll!UnknownFunction (0x00007ffcbbdeeb64) + 0 bytes [UnknownFile:0]
ntdll.dll!UnknownFunction (0x00007ffcbbdeeb64) + 0 bytes [UnknownFile:0]


[2015.03.06-00.50.39:391][129]LogExit: Executing StaticShutdownAfterError
[2015.03.06-00.50.39:398][129]LogWindows: FPlatformMisc::RequestExit(1)
[2015.03.06-00.50.39:398][129]Log file closed, 03/06/15 09:50:39
